#
# There is insufficient memory for the Java Runtime Environment to continue.
# Native memory allocation (mmap) failed to map 197132288 bytes. Error detail: G1 virtual space
# Possible reasons:
#   The system is out of physical RAM or swap space
#   This process is running with CompressedOops enabled, and the Java Heap may be blocking the growth of the native heap
# Possible solutions:
#   Reduce memory load on the system
#   Increase physical memory or swap space
#   Check if swap backing store is full
#   Decrease Java heap size (-Xmx/-Xms)
#   Decrease number of Java threads
#   Decrease Java thread stack sizes (-Xss)
#   Set larger code cache with -XX:ReservedCodeCacheSize=
#   JVM is running with Zero Based Compressed Oops mode in which the Java heap is
#     placed in the first 32GB address space. The Java Heap base address is the
#     maximum limit for the native heap growth. Please use -XX:HeapBaseMinAddress
#     to set the Java Heap base and to place the Java Heap above 32GB virtual address.
# This output file may be truncated or incomplete.
#
#  Out of Memory Error (os_windows.cpp:3564), pid=14632, tid=13796
#
# JRE version:  (24.0.1+9) (build )
# Java VM: Java HotSpot(TM) 64-Bit Server VM (24.0.1+9-30, mixed mode, sharing, tiered, compressed oops, compressed class ptrs, g1 gc, windows-amd64)
# No core dump will be written. Minidumps are not enabled by default on client versions of Windows
#

---------------  S U M M A R Y ------------

Command Line: 

Host: 12th Gen Intel(R) Core(TM) i5-12450HX, 12 cores, 11G,  Windows 11 , 64 bit Build 26100 (10.0.26100.8115)
Time: Wed Apr  1 22:37:15 2026 Malay Peninsula Standard Time elapsed time: 0.015693 seconds (0d 0h 0m 0s)

---------------  T H R E A D  ---------------

Current thread (0x00000202aafd3390):  JavaThread "Unknown thread" [_thread_in_vm, id=13796, stack(0x0000002608600000,0x0000002608700000) (1024K)]

Stack: [0x0000002608600000,0x0000002608700000]
Native frames: (J=compiled Java code, j=interpreted, Vv=VM code, C=native code)
V  [jvm.dll+0x730739]  (no source info available)
V  [jvm.dll+0x8d9b23]  (no source info available)
V  [jvm.dll+0x8dc00d]  (no source info available)
V  [jvm.dll+0x8dc683]  (no source info available)
V  [jvm.dll+0x2aa086]  (no source info available)
V  [jvm.dll+0x72cc65]  (no source info available)
V  [jvm.dll+0x72059a]  (no source info available)
V  [jvm.dll+0x390cea]  (no source info available)
V  [jvm.dll+0x3989f6]  (no source info available)
V  [jvm.dll+0x38523e]  (no source info available)
V  [jvm.dll+0x3854f8]  (no source info available)
V  [jvm.dll+0x35d0cc]  (no source info available)
V  [jvm.dll+0x35dd8d]  (no source info available)
V  [jvm.dll+0x89d28f]  (no source info available)
V  [jvm.dll+0x3f985d]  (no source info available)
V  [jvm.dll+0x8858e6]  (no source info available)
V  [jvm.dll+0x495f3e]  (no source info available)
V  [jvm.dll+0x497d11]  (no source info available)
C  [jli.dll+0x52a1]  (no source info available)
C  [ucrtbase.dll+0x37b0]  (no source info available)
C  [KERNEL32.DLL+0x2e8d7]  (no source info available)
C  [ntdll.dll+0x8c3fc]  (no source info available)

Lock stack of current Java thread (top to bottom):


---------------  P R O C E S S  ---------------

Threads class SMR info:
_java_thread_list=0x00007ff93ae9f318, length=0, elements={
}

Java Threads: ( => current thread )
Total: 0

Other Threads:
  0x00000202ab39dd10 WorkerThread "GC Thread#0"                     [id=10348, stack(0x0000002608700000,0x0000002608800000) (1024K)]
  0x00000202ab3c98f0 ConcurrentGCThread "G1 Main Marker"            [id=11504, stack(0x0000002608800000,0x0000002608900000) (1024K)]
  0x00000202ab3cc6c0 WorkerThread "G1 Conc#0"                       [id=23184, stack(0x0000002608900000,0x0000002608a00000) (1024K)]

[error occurred during error reporting (printing all threads), id 0xc0000005, EXCEPTION_ACCESS_VIOLATION (0xc0000005) at pc=0x00007ff93a5d14ea]
VM state: not at safepoint (not fully initialized)

VM Mutex/Monitor currently owned by a thread:  ([mutex/lock_event])
[0x00007ff93af245b0] Heap_lock - owner thread: 0x00000202aafd3390

Heap address: 0x0000000744800000, size: 3000 MB, Compressed Oops mode: Zero based, Oop shift amount: 3

CDS archive(s) mapped at: [0x0000000000000000-0x0000000000000000-0x0000000000000000), size 0, SharedBaseAddress: 0x0000000800000000, ArchiveRelocationMode: 1.
UseCompressedClassPointers 1, UseCompactObjectHeaders 0
Narrow klass pointer bits 32, Max shift 3
Narrow klass base: 0xffffffffffffffff, Narrow klass shift: -1
Encoding Range: [0xffffffffffffffff - 0x000000007fffffff), (2147483648 bytes)
Klass Range:    [0x0000000000000000 - 0x0000000000000000), (0 bytes)
Klass ID Range:  [4294967295 - 0) (1)

GC Precious Log:
 CardTable entry size: 512
 Card Set container configuration: InlinePtr #cards 4 size 8 Array Of Cards #cards 16 size 48 Howl #buckets 8 coarsen threshold 3686 Howl Bitmap #cards 512 size 80 coarsen threshold 460 Card regions per heap region 1 cards per card region 4096

Heap:
 garbage-first heap   total reserved 3072000K, committed 0K, used 0K [0x0000000744800000, 0x0000000800000000)
  region size 2048K, 0 young (0K), 0 survivors (0K)

[error occurred during error reporting (printing heap information), id 0xc0000005, EXCEPTION_ACCESS_VIOLATION (0xc0000005) at pc=0x00007ff93a9ee3e9]
GC Heap History (0 events):
No events

Dll operation events (1 events):
Event: 0.009 Loaded shared library C:\Program Files\Java\jdk-24\bin\java.dll

Deoptimization events (0 events):
No events

Classes loaded (0 events):
No events

Classes unloaded (0 events):
No events

Classes redefined (0 events):
No events

Internal exceptions (0 events):
No events

VM Operations (0 events):
No events

Memory protections (0 events):
No events

Nmethod flushes (0 events):
No events

Events (0 events):
No events


Dynamic libraries:
0x00007ff6ba280000 - 0x00007ff6ba290000 	C:\Program Files\Java\jdk-24\bin\java.exe
0x00007ffa0df60000 - 0x00007ffa0e1c7000 	C:\WINDOWS\SYSTEM32\ntdll.dll
0x00007ffa0caa0000 - 0x00007ffa0cb69000 	C:\WINDOWS\System32\KERNEL32.DLL
0x00007ffa0b630000 - 0x00007ffa0ba24000 	C:\WINDOWS\System32\KERNELBASE.dll
0x00007ffa0bba0000 - 0x00007ffa0bceb000 	C:\WINDOWS\System32\ucrtbase.dll
0x00007ff9ce250000 - 0x00007ff9ce266000 	C:\Program Files\Java\jdk-24\bin\jli.dll
0x00007ff9ce270000 - 0x00007ff9ce28b000 	C:\Program Files\Java\jdk-24\bin\VCRUNTIME140.dll
0x00007ffa0c8c0000 - 0x00007ffa0ca85000 	C:\WINDOWS\System32\USER32.dll
0x00007ffa0b490000 - 0x00007ffa0b4b7000 	C:\WINDOWS\System32\win32u.dll
0x00007ff9f7ab0000 - 0x00007ff9f7d43000 	C:\WINDOWS\WinSxS\amd64_microsoft.windows.common-controls_6595b64144ccf1df_6.0.26100.8115_none_3e075c82e3354f9c\COMCTL32.dll
0x00007ffa0d5f0000 - 0x00007ffa0d61b000 	C:\WINDOWS\System32\GDI32.dll
0x00007ffa0a830000 - 0x00007ffa0a95a000 	C:\WINDOWS\System32\gdi32full.dll
0x00007ffa0ba30000 - 0x00007ffa0bad3000 	C:\WINDOWS\System32\msvcp_win.dll
0x00007ffa0c000000 - 0x00007ffa0c0a9000 	C:\WINDOWS\System32\msvcrt.dll
0x00007ffa0dee0000 - 0x00007ffa0df12000 	C:\WINDOWS\System32\IMM32.DLL
0x00007ffa019f0000 - 0x00007ffa019fc000 	C:\Program Files\Java\jdk-24\bin\vcruntime140_1.dll
0x00007ff9c9d50000 - 0x00007ff9c9dde000 	C:\Program Files\Java\jdk-24\bin\msvcp140.dll
0x00007ff93a260000 - 0x00007ff93b002000 	C:\Program Files\Java\jdk-24\bin\server\jvm.dll
0x00007ffa0bd20000 - 0x00007ffa0bdd6000 	C:\WINDOWS\System32\ADVAPI32.dll
0x00007ffa0bde0000 - 0x00007ffa0be87000 	C:\WINDOWS\System32\sechost.dll
0x00007ffa0d370000 - 0x00007ffa0d488000 	C:\WINDOWS\System32\RPCRT4.dll
0x00007ffa0d2e0000 - 0x00007ffa0d360000 	C:\WINDOWS\System32\WS2_32.dll
0x00007ff9ffc50000 - 0x00007ff9ffc86000 	C:\WINDOWS\SYSTEM32\WINMM.dll
0x00007ffa0a260000 - 0x00007ffa0a2be000 	C:\WINDOWS\SYSTEM32\POWRPROF.dll
0x00007ff9ffe10000 - 0x00007ff9ffe1b000 	C:\WINDOWS\SYSTEM32\VERSION.dll
0x00007ffa0a200000 - 0x00007ffa0a214000 	C:\WINDOWS\SYSTEM32\UMPDC.dll
0x00007ffa095c0000 - 0x00007ffa095db000 	C:\WINDOWS\SYSTEM32\kernel.appcore.dll
0x00007ff9dffb0000 - 0x00007ff9dffba000 	C:\Program Files\Java\jdk-24\bin\jimage.dll
0x00007ffa08760000 - 0x00007ffa089a2000 	C:\WINDOWS\SYSTEM32\DBGHELP.DLL
0x00007ffa0cf50000 - 0x00007ffa0d2d2000 	C:\WINDOWS\System32\combase.dll
0x00007ffa0dc20000 - 0x00007ffa0dcf7000 	C:\WINDOWS\System32\OLEAUT32.dll
0x00007ff9f5b20000 - 0x00007ff9f5b5b000 	C:\WINDOWS\SYSTEM32\dbgcore.DLL
0x00007ffa0a960000 - 0x00007ffa0aa05000 	C:\WINDOWS\System32\bcryptPrimitives.dll
0x00007ff9b5ba0000 - 0x00007ff9b5bbe000 	C:\Program Files\Java\jdk-24\bin\java.dll
0x00007ffa0cc70000 - 0x00007ffa0ce07000 	C:\WINDOWS\System32\ole32.dll
0x00007ffa0c0d0000 - 0x00007ffa0c836000 	C:\WINDOWS\System32\SHELL32.dll
0x00007ffa0b4c0000 - 0x00007ffa0b62a000 	C:\WINDOWS\System32\wintypes.dll

JVMTI agents: none

dbghelp: loaded successfully - version: 4.0.5 - missing functions: none
symbol engine: initialized successfully - sym options: 0x614 - pdb path: .;C:\Program Files\Java\jdk-24\bin;C:\WINDOWS\SYSTEM32;C:\WINDOWS\WinSxS\amd64_microsoft.windows.common-controls_6595b64144ccf1df_6.0.26100.8115_none_3e075c82e3354f9c;C:\Program Files\Java\jdk-24\bin\server

VM Arguments:
java_command: <unknown>
java_class_path (initial): <not set>
Launcher Type: SUN_STANDARD

[Global flags]
     intx CICompilerCount                          = 4                                         {product} {ergonomic}
     uint ConcGCThreads                            = 3                                         {product} {ergonomic}
     uint G1ConcRefinementThreads                  = 10                                        {product} {ergonomic}
   size_t G1HeapRegionSize                         = 2097152                                   {product} {ergonomic}
   size_t InitialHeapSize                          = 197132288                                 {product} {ergonomic}
   size_t MarkStackSize                            = 4194304                                   {product} {ergonomic}
   size_t MarkStackSizeMax                         = 536870912                                 {product} {ergonomic}
   size_t MaxHeapSize                              = 3145728000                                {product} {ergonomic}
   size_t MinHeapDeltaBytes                        = 2097152                                   {product} {ergonomic}
   size_t MinHeapSize                              = 8388608                                   {product} {ergonomic}
    uintx NonNMethodCodeHeapSize                   = 5832704                                {pd product} {ergonomic}
    uintx NonProfiledCodeHeapSize                  = 122945536                              {pd product} {ergonomic}
    uintx ProfiledCodeHeapSize                     = 122880000                              {pd product} {ergonomic}
    uintx ReservedCodeCacheSize                    = 251658240                              {pd product} {ergonomic}
     bool SegmentedCodeCache                       = true                                      {product} {ergonomic}
   size_t SoftMaxHeapSize                          = 3145728000                             {manageable} {ergonomic}
     bool UseCompressedOops                        = true                           {product lp64_product} {ergonomic}
     bool UseG1GC                                  = true                                      {product} {ergonomic}
     bool UseLargePagesIndividualAllocation        = false                                  {pd product} {ergonomic}

Logging:
Log output configuration:
 #0: stdout all=warning uptime,level,tags foldmultilines=false
 #1: stderr all=off uptime,level,tags foldmultilines=false

Environment Variables:
PATH=C:\Users\USER\AppData\Local\BraveSoftware\Brave-Browser\Application;C:\Program Files\Common Files\Oracle\Java\javapath;C:\WINDOWS\system32;C:\WINDOWS;C:\WINDOWS\System32\Wbem;C:\WINDOWS\System32\WindowsPowerShell\v1.0\;C:\WINDOWS\System32\OpenSSH\;C:\Program Files (x86)\NVIDIA Corporation\PhysX\Common;C:\Program Files\NVIDIA Corporation\NVIDIA NvDLISR;C:\php8;C:\composer;C:\Program Files\nodejs\;C:\Program Files\Git\cmd;C:\Program Files\Common Files\Oracle\Java\javapath;C:\WINDOWS\system32;C:\WINDOWS;C:\WINDOWS\System32\Wbem;C:\WINDOWS\System32\WindowsPowerShell\v1.0\;C:\WINDOWS\System32\OpenSSH\;C:\Program Files (x86)\NVIDIA Corporation\PhysX\Common;C:\Program Files\NVIDIA Corporation\NVIDIA NvDLISR;C:\php8;C:\composer;C:\Program Files\nodejs\;C:\Program Files\Git\cmd;C:\Users\USER\AppData\Local\Programs\Python\Python311\Scripts\;C:\Users\USER\AppData\Local\Programs\Python\Python311\;C:\Users\USER\AppData\Local\Microsoft\WindowsApps;C:\Users\USER\AppData\Local\spicetify;C:\Users\USER\AppData\Roaming\Composer\vendor\bin;C:\Users\USER\AppData\Roaming\npm;C:\Users\USER\AppData\;C:\Users\USER\AppData\Local\Microsoft\WindowsApps;C:\Users\USER\AppData\Local\Programs\Microsoft VS Code\bin
USERNAME=Feyrr
LANG=en_US.UTF-8
OS=Windows_NT
PROCESSOR_IDENTIFIER=Intel64 Family 6 Model 151 Stepping 2, GenuineIntel
TMP=C:\Users\USER\AppData\Local\Temp
TEMP=C:\Users\USER\AppData\Local\Temp




Periodic native trim disabled

---------------  S Y S T E M  ---------------

OS:
 Windows 11 , 64 bit Build 26100 (10.0.26100.8115)
OS uptime: 0 days 8:00 hours

CPU: total 12 (initial active 12) (6 cores per cpu, 2 threads per core) family 6 model 151 stepping 2 microcode 0x3a, cx8, cmov, fxsr, ht, mmx, 3dnowpref, sse, sse2, sse3, ssse3, sse4.1, sse4.2, popcnt, lzcnt, tsc, tscinvbit, avx, avx2, aes, erms, clmul, bmi1, bmi2, adx, sha, fma, vzeroupper, clflush, clflushopt, clwb, serialize, rdtscp, rdpid, fsrm, gfni, f16c, pku, cet_ibt, cet_ss
Processor Information for the first 12 processors :
  Max Mhz: 2400, Current Mhz: 2400, Mhz Limit: 2400

Memory: 4k page, system-wide physical 11995M (921M free)
TotalPageFile size 22955M (AvailPageFile size 36M)
current process WorkingSet (physical memory assigned to process): 13M, peak: 13M
current process commit charge ("private bytes"): 64M, peak: 252M

vm_info: Java HotSpot(TM) 64-Bit Server VM (24.0.1+9-30) for windows-amd64 JRE (24.0.1+9-30), built on 2025-03-05T07:23:45Z with MS VC++ 17.6 (VS2022)

END.
